
======================================================================
STEP 2: COLLECT ACTIVATIONS
======================================================================
Loading eval sets...
Found 33 converged models
  [1/33] Collecting activations for baseline_seed0...
  [2/33] Collecting activations for baseline_seed1...
  [3/33] Collecting activations for baseline_seed2...
  [4/33] Collecting activations for freeze_embed_seed0...
  [5/33] Collecting activations for freeze_embed_seed1...
  [6/33] Collecting activations for freeze_embed_seed2...
  [7/33] Collecting activations for freeze_layer0.attn_seed0...
  [8/33] Collecting activations for freeze_layer0.attn_seed1...
  [9/33] Collecting activations for freeze_layer0.attn_seed2...
  [10/33] Collecting activations for freeze_layer0.mlp_seed0...
  [11/33] Collecting activations for freeze_layer0.mlp_seed1...
  [12/33] Collecting activations for freeze_layer0.mlp_seed2...
  [13/33] Collecting activations for freeze_layer1.attn_seed0...
  [14/33] Collecting activations for freeze_layer1.attn_seed1...
  [15/33] Collecting activations for freeze_layer1.attn_seed2...
  [16/33] Collecting activations for freeze_layer1.mlp_seed0...
  [17/33] Collecting activations for freeze_layer1.mlp_seed1...
  [18/33] Collecting activations for freeze_layer1.mlp_seed2...
  [19/33] Collecting activations for freeze_layer2.attn_seed0...
  [20/33] Collecting activations for freeze_layer2.attn_seed1...
  [21/33] Collecting activations for freeze_layer2.attn_seed2...
  [22/33] Collecting activations for freeze_layer2.mlp_seed0...
  [23/33] Collecting activations for freeze_layer2.mlp_seed1...
  [24/33] Collecting activations for freeze_layer2.mlp_seed2...
  [25/33] Collecting activations for freeze_layer3.attn_seed0...
  [26/33] Collecting activations for freeze_layer3.attn_seed1...
  [27/33] Collecting activations for freeze_layer3.attn_seed2...
  [28/33] Collecting activations for freeze_layer3.mlp_seed0...
  [29/33] Collecting activations for freeze_layer3.mlp_seed1...
  [30/33] Collecting activations for freeze_layer3.mlp_seed2...
  [31/33] Collecting activations for freeze_unembed_seed0...
  [32/33] Collecting activations for freeze_unembed_seed1...
  [33/33] Collecting activations for freeze_unembed_seed2...

Activation collection complete. Saved to activations/

======================================================================
STEPS 3-7: ANALYSIS PIPELINE
======================================================================
Found 33 converged models

============================================================
STEP 3: CKA Analysis
============================================================
  CKA layer 0...
  CKA layer 1...
  CKA layer 2...
  CKA layer 3...

  CKA Heatmap Summary (top sites):
    layer3_result_4: CKA=0.971 [0.968, 0.973] | no-PC1: 0.202
    layer2_result_4: CKA=0.916 [0.908, 0.924] | no-PC1: 0.226
    layer1_result_4: CKA=0.855 [0.843, 0.866] | no-PC1: 0.245
    layer3_equals: CKA=0.752 [0.743, 0.761] | no-PC1: 0.620
    layer3_result_3: CKA=0.751 [0.742, 0.760] | no-PC1: 0.633
    layer3_result_0: CKA=0.750 [0.741, 0.759] | no-PC1: 0.615
    layer3_result_2: CKA=0.747 [0.736, 0.758] | no-PC1: 0.617
    layer3_result_1: CKA=0.743 [0.732, 0.754] | no-PC1: 0.605
    layer0_result_4: CKA=0.734 [0.711, 0.756] | no-PC1: 0.241
    layer1_result_0: CKA=0.730 [0.720, 0.741] | no-PC1: 0.402

  Decision gate: 19 sites pass criteria, selected top 3
    layer3_equals: CKA=0.752, no-PC1=0.620
    layer3_result_3: CKA=0.751, no-PC1=0.633
    layer3_result_0: CKA=0.750, no-PC1=0.615

============================================================
STEP 4: Procrustes Alignment
============================================================
  Reference model: baseline_seed0

  Aligning at layer3_equals...
    Computing random rotation baseline...
    SVCCA fallback for freeze_layer0.attn_seed0 (residual 0.978 > threshold 0.952)
    SVCCA fallback for freeze_layer0.attn_seed1 (residual 1.987 > threshold 0.952)
    SVCCA fallback for freeze_layer0.attn_seed2 (residual 5.417 > threshold 0.952)
    SVCCA fallback for freeze_unembed_seed0 (residual 2.138 > threshold 0.952)
    SVCCA fallback for freeze_unembed_seed1 (residual 6.176 > threshold 0.952)
    SVCCA fallback for freeze_unembed_seed2 (residual 5.005 > threshold 0.952)
    Residuals: mean=1.0599, std=1.5070, random_baseline=0.4086
    Baseline residuals: ['0.4086', '0.5431']

  Aligning at layer3_result_3...
    Computing random rotation baseline...
    SVCCA fallback for freeze_layer0.attn_seed1 (residual 1.508 > threshold 0.924)
    SVCCA fallback for freeze_layer0.attn_seed2 (residual 5.213 > threshold 0.924)
    SVCCA fallback for freeze_layer0.mlp_seed1 (residual 1.029 > threshold 0.924)
    SVCCA fallback for freeze_unembed_seed0 (residual 2.169 > threshold 0.924)
    SVCCA fallback for freeze_unembed_seed1 (residual 6.277 > threshold 0.924)
    SVCCA fallback for freeze_unembed_seed2 (residual 5.130 > threshold 0.924)
    Residuals: mean=1.0455, std=1.5037, random_baseline=0.3759
    Baseline residuals: ['0.3759', '0.5482']

  Aligning at layer3_result_0...
    Computing random rotation baseline...
    SVCCA fallback for freeze_layer0.attn_seed1 (residual 1.693 > threshold 0.937)
    SVCCA fallback for freeze_layer0.attn_seed2 (residual 5.194 > threshold 0.937)
    SVCCA fallback for freeze_layer2.attn_seed2 (residual 0.972 > threshold 0.937)
    SVCCA fallback for freeze_unembed_seed0 (residual 2.180 > threshold 0.937)
    SVCCA fallback for freeze_unembed_seed1 (residual 6.214 > threshold 0.937)
    SVCCA fallback for freeze_unembed_seed2 (residual 4.911 > threshold 0.937)
    Residuals: mean=1.0339, std=1.4804, random_baseline=0.3851
    Baseline residuals: ['0.3851', '0.5523']

============================================================
STEP 5: Shared Subspace Extraction
============================================================
  Primary extraction site: layer3_equals

  Shared eigenvalues (top 10): ['0.6665', '0.6082', '0.5798', '0.5408', '0.5270', '0.5198', '0.5181', '0.5047', '0.4857', '0.4842']
  PCA cosines (shared vs PCA): ['0.0295', '0.0495', '0.0014', '0.0045', '0.0147']

  Validating on natural distribution...
  Natural set explained ratios: [{'k': 1, 'ratio': 0.0006226409779025902}, {'k': 3, 'ratio': 0.0017247416835111532}, {'k': 5, 'ratio': 0.003000012387038098}, {'k': 10, 'ratio': 0.005553532034280204}]

  Checking reference invariance...

============================================================
STEP 6: Interpretation
============================================================

  direction_0:
    result_digit_col0: corr=0.14305334733831568
    carry_col0: corr=-0.04708727786688575, MI=0.1015
    a_digit_col0: corr=0.0439362932683536
    b_digit_col2: corr=0.03241750871896306
    b_digit_col0: corr=0.024403839045001683

  direction_1:
    result_digit_col0: corr=-0.41181152650817815
    carry_col0: corr=0.23620738363849816, MI=0.1181
    n_carries: corr=0.13708722145666236, MI=0.0453
    a_digit_col4: corr=0.06594657729303054
    carry_col1: corr=0.05547491111501535, MI=0.0070

  direction_2:
    result_digit_col0: corr=0.1221472312980208
    carry_col0: corr=-0.12096340004584044, MI=0.0633
    b_digit_col0: corr=-0.09352604026688165
    carry_col1: corr=-0.058802976674177984, MI=0.0063
    result_digit_col1: corr=0.05164861676873605

  direction_3:
    result_digit_col0: corr=-0.262772814900561
    a_digit_col0: corr=-0.2169362422275293
    b_digit_col0: corr=-0.17399654094289688
    carry_col0: corr=-0.07578871986832565, MI=0.0729
    n_carries: corr=-0.05029802056864832, MI=0.0358

  direction_4:
    result_digit_col0: corr=0.18480696848708417
    a_digit_col0: corr=0.1376829790941194
    b_digit_col0: corr=0.0767556038645523
    result_digit_col4: corr=0.025669112295799244
    b_digit_col2: corr=-0.022561081940599293

============================================================
STEP 7: Ablation
============================================================
    Ablating baseline_seed0...
    Ablating baseline_seed1...
    Ablating baseline_seed2...
    Ablating freeze_embed_seed0...
    Ablating freeze_embed_seed1...
    Ablating freeze_embed_seed2...
    Ablating freeze_layer0.attn_seed0...
    Ablating freeze_layer0.attn_seed1...
    Ablating freeze_layer0.attn_seed2...
    Ablating freeze_layer0.mlp_seed0...
    Ablating freeze_layer0.mlp_seed1...
    Ablating freeze_layer0.mlp_seed2...
    Ablating freeze_layer1.attn_seed0...
    Ablating freeze_layer1.attn_seed1...
    Ablating freeze_layer1.attn_seed2...
    Ablating freeze_layer1.mlp_seed0...
    Ablating freeze_layer1.mlp_seed1...
    Ablating freeze_layer1.mlp_seed2...
    Ablating freeze_layer2.attn_seed0...
    Ablating freeze_layer2.attn_seed1...
    Ablating freeze_layer2.attn_seed2...
    Ablating freeze_layer2.mlp_seed0...
    Ablating freeze_layer2.mlp_seed1...
    Ablating freeze_layer2.mlp_seed2...
    Ablating freeze_layer3.attn_seed0...
    Ablating freeze_layer3.attn_seed1...
    Ablating freeze_layer3.attn_seed2...
    Ablating freeze_layer3.mlp_seed0...
    Ablating freeze_layer3.mlp_seed1...
    Ablating freeze_layer3.mlp_seed2...
    Ablating freeze_unembed_seed0...
    Ablating freeze_unembed_seed1...
    Ablating freeze_unembed_seed2...
Traceback (most recent call last):
  File "/home/cisco/structural_symmetries/run_pipeline.py", line 50, in <module>
    main()
  File "/home/cisco/structural_symmetries/run_pipeline.py", line 30, in main
    analysis_main()
  File "/home/cisco/structural_symmetries/analysis.py", line 1136, in main
    ablation_results = run_ablation(
  File "/home/cisco/structural_symmetries/analysis.py", line 938, in run_ablation
    stat, pval = stats.wilcoxon(shared_drops, random_drops)
  File "/usr/lib/python3/dist-packages/scipy/stats/_axis_nan_policy.py", line 270, in axis_nan_policy_wrapper
    return hypotest_fun_in(*samples, **kwds)
  File "/usr/lib/python3/dist-packages/scipy/stats/_morestats.py", line 3151, in wilcoxon
    raise ValueError("zero_method 'wilcox' and 'pratt' do not "
ValueError: zero_method 'wilcox' and 'pratt' do not work if x - y is zero for all elements.
