Found 33 converged models

============================================================
STEP 3: CKA Analysis
============================================================
  CKA layer 0...
  CKA layer 1...
  CKA layer 2...
  CKA layer 3...

  CKA Heatmap Summary (top sites):
    layer3_equals: CKA=0.925 [0.922, 0.928] | no-PC1: 0.294
    layer1_result_0: CKA=0.796 [0.789, 0.804] | no-PC1: 0.483
    layer2_equals: CKA=0.762 [0.744, 0.779] | no-PC1: 0.382
    layer2_result_0: CKA=0.759 [0.750, 0.767] | no-PC1: 0.530
    layer1_result_4: CKA=0.759 [0.741, 0.776] | no-PC1: 0.454
    layer3_result_4: CKA=0.718 [0.708, 0.728] | no-PC1: 0.593
    layer2_result_4: CKA=0.716 [0.699, 0.732] | no-PC1: 0.510
    layer3_result_3: CKA=0.697 [0.687, 0.707] | no-PC1: 0.578
    layer3_result_0: CKA=0.696 [0.688, 0.704] | no-PC1: 0.556
    layer1_result_3: CKA=0.689 [0.668, 0.710] | no-PC1: 0.400

  Decision gate: 22 sites pass criteria, selected top 3
    layer1_result_0: CKA=0.796, no-PC1=0.483
    layer2_equals: CKA=0.762, no-PC1=0.382
    layer2_result_0: CKA=0.759, no-PC1=0.530

============================================================
STEP 4: Procrustes Alignment
============================================================
  Reference model: baseline_seed0

  Aligning at layer1_result_0...
    Computing random rotation baseline...
    Residuals: mean=0.5447, std=0.1380, random_baseline=0.4674
    Baseline residuals: ['0.4674', '0.7913']

  Aligning at layer2_equals...
    Computing random rotation baseline...
    Residuals: mean=0.6890, std=0.1156, random_baseline=0.5814
    Baseline residuals: ['0.5814', '0.8008']

  Aligning at layer2_result_0...
    Computing random rotation baseline...
    SVCCA fallback for freeze_embed_seed0 (residual 1.193 > threshold 1.190)
    Residuals: mean=0.5904, std=0.1628, random_baseline=0.4442
    Baseline residuals: ['0.4442', '0.7457']

============================================================
STEP 5: Shared Subspace Extraction
============================================================
  Primary extraction site: layer1_result_0

  Shared eigenvalues (top 10): ['0.8996', '0.8394', '0.7823', '0.6985', '0.6690', '0.6279', '0.6158', '0.5831', '0.5270', '0.4927']
  PCA cosines (shared vs PCA): ['0.3099', '0.2890', '0.0958', '0.0164', '0.1926']

  Validating on natural distribution...
  Natural set explained ratios: [{'k': 1, 'ratio': 0.03747390809663132}, {'k': 3, 'ratio': 0.07400717764250059}, {'k': 5, 'ratio': 0.0834738539975179}, {'k': 10, 'ratio': 0.09657571462131886}]

  Checking reference invariance...

============================================================
STEP 6: Interpretation
============================================================

  direction_0:
    result_digit_col4: corr=0.9350055709262964
    carry_col4: corr=-0.5079190155296348, MI=0.1619
    result_digit_col5: corr=-0.5079190155296348
    n_carries: corr=-0.28644097059801915, MI=0.0749
    carry_col3: corr=-0.1125949008814235, MI=0.0705

  direction_1:
    carry_col4: corr=0.10688881003448918, MI=0.0441
    result_digit_col5: corr=0.10688881003448918
    sum_magnitude: corr=0.08145332995748655, MI=0.9385
    b_digit_col4: corr=0.07559384028463162
    result_digit_col4: corr=-0.06276114699491392

  direction_2:
    sum_magnitude: corr=-0.9814081557710157, MI=1.4162
    carry_col4: corr=-0.8040788401796535, MI=0.4809
    result_digit_col5: corr=-0.8040788401796535
    a_digit_col4: corr=-0.681936212536203
    b_digit_col4: corr=-0.6809393648736726

  direction_3:
    carry_col3: corr=-0.2035687081163108, MI=0.0585
    b_digit_col3: corr=-0.17974664882509017
    n_carries: corr=-0.1281069302054733, MI=0.0382
    a_digit_col3: corr=-0.12733488063530413
    result_digit_col2: corr=0.08115643501203888

  direction_4:
    carry_col3: corr=0.6622007419327416, MI=0.2953
    n_carries: corr=0.4165122275208094, MI=0.1197
    a_digit_col3: corr=0.3972711751437115
    b_digit_col3: corr=0.3743731601152841
    result_digit_col3: corr=-0.32213394562681286

============================================================
STEP 7: Ablation
============================================================
    Ablating baseline_seed0...
    Ablating baseline_seed1...
    Ablating baseline_seed2...
    Ablating freeze_embed_seed0...
    Ablating freeze_embed_seed1...
    Ablating freeze_embed_seed2...
    Ablating freeze_layer0.attn_seed0...
    Ablating freeze_layer0.attn_seed1...
    Ablating freeze_layer0.attn_seed2...
    Ablating freeze_layer0.mlp_seed0...
    Ablating freeze_layer0.mlp_seed1...
    Ablating freeze_layer0.mlp_seed2...
    Ablating freeze_layer1.attn_seed0...
    Ablating freeze_layer1.attn_seed1...
    Ablating freeze_layer1.attn_seed2...
    Ablating freeze_layer1.mlp_seed0...
    Ablating freeze_layer1.mlp_seed1...
    Ablating freeze_layer1.mlp_seed2...
    Ablating freeze_layer2.attn_seed0...
    Ablating freeze_layer2.attn_seed1...
    Ablating freeze_layer2.attn_seed2...
    Ablating freeze_layer2.mlp_seed0...
    Ablating freeze_layer2.mlp_seed1...
    Ablating freeze_layer2.mlp_seed2...
    Ablating freeze_layer3.attn_seed0...
    Ablating freeze_layer3.attn_seed1...
    Ablating freeze_layer3.attn_seed2...
    Ablating freeze_layer3.mlp_seed0...
    Ablating freeze_layer3.mlp_seed1...
    Ablating freeze_layer3.mlp_seed2...
    Ablating freeze_unembed_seed0...
    Ablating freeze_unembed_seed1...
    Ablating freeze_unembed_seed2...

  Ablation summary:
    ablate_top1: shared_drop=0.0006, random_drop=0.0006, p=0.775075 ns
    ablate_top3: shared_drop=0.0025, random_drop=0.0022, p=0.132849 ns
    ablate_top5: shared_drop=0.0024, random_drop=0.0064, p=0.001226 ***
    ablate_top10: shared_drop=0.0116, random_drop=0.0279, p=0.000088 ***

============================================================
PIPELINE COMPLETE (Steps 3-7)
============================================================
