============================================================
Creating evaluation sets...
============================================================
Created eval sets in eval_sets/
  convergence_eval: 5000 problems
  stratified_2000: 2000 problems
  natural_2000: 2000 problems

Loaded convergence eval set: 5000 problems

Total configs to train: 33
============================================================

33 models remaining to train
============================================================

[1/33] Training baseline seed=0
----------------------------------------
  Params: 202,752 total, 202,752 trainable
  Step   1000 | loss 0.8056 | acc 0.0246 | 17s
  Step   2000 | loss 0.0310 | acc 0.9514 | 34s
  Step   3000 | loss 0.0087 | acc 0.9766 | 51s
  Step   4000 | loss 0.0033 | acc 0.9928 | 69s
  >>> Converged at step 4000 (0.9928)
  Step   5000 | loss 0.0009 | acc 0.9960 | 86s
  Step   6000 | loss 0.0003 | acc 0.9956 | 103s
  Result: CONVERGED | acc=0.9960 | 102.8s

[2/33] Training baseline seed=1
----------------------------------------
  Params: 202,752 total, 202,752 trainable
  Step   1000 | loss 1.3675 | acc 0.0002 | 18s
  Step   2000 | loss 0.0724 | acc 0.7836 | 35s
  Step   3000 | loss 0.0186 | acc 0.9834 | 52s
  Step   4000 | loss 0.0000 | acc 1.0000 | 69s
  >>> Converged at step 4000 (1.0000)
  Step   5000 | loss 0.0000 | acc 1.0000 | 87s
  Step   6000 | loss 0.0000 | acc 1.0000 | 105s
  Result: CONVERGED | acc=1.0000 | 104.9s

[3/33] Training baseline seed=2
----------------------------------------
  Params: 202,752 total, 202,752 trainable
  Step   1000 | loss 0.8743 | acc 0.0070 | 17s
  Step   2000 | loss 0.0783 | acc 0.8216 | 34s
  Step   3000 | loss 0.0315 | acc 0.8786 | 52s
  Step   4000 | loss 0.0972 | acc 0.7496 | 69s
  Step   5000 | loss 0.0242 | acc 0.9620 | 87s
  Step   6000 | loss 0.0269 | acc 0.9094 | 104s
  Step   7000 | loss 0.0171 | acc 0.9618 | 122s
  Step   8000 | loss 0.0361 | acc 0.9520 | 139s
  Step   9000 | loss 0.0248 | acc 0.9514 | 157s
  Step  10000 | loss 0.0354 | acc 0.9204 | 174s
  Step  11000 | loss 0.0199 | acc 0.9388 | 191s
  Step  12000 | loss 0.0028 | acc 0.9970 | 208s
  >>> Converged at step 12000 (0.9970)
  Step  13000 | loss 0.0003 | acc 0.9982 | 226s
  Step  14000 | loss 0.0000 | acc 1.0000 | 243s
  Result: CONVERGED | acc=1.0000 | 242.7s

[4/33] Training freeze_embed seed=0
----------------------------------------
  Froze embed (2 param tensors)
  Params: 202,752 total, 200,832 trainable
  Step   1000 | loss 1.5830 | acc 0.0000 | 17s
  Step   2000 | loss 1.2197 | acc 0.0008 | 34s
  Step   3000 | loss 0.8904 | acc 0.0082 | 50s
  Step   4000 | loss 0.8622 | acc 0.0090 | 67s
  Step   5000 | loss 0.0484 | acc 0.9312 | 84s
  Step   6000 | loss 0.0113 | acc 0.9892 | 101s
  Step   7000 | loss 0.0034 | acc 0.9950 | 118s
  >>> Converged at step 7000 (0.9950)
  Step   8000 | loss 0.0011 | acc 0.9918 | 135s
  Step   9000 | loss 0.0130 | acc 0.9880 | 152s
  Result: CONVERGED | acc=0.9950 | 151.7s

[5/33] Training freeze_embed seed=1
----------------------------------------
  Froze embed (2 param tensors)
  Params: 202,752 total, 200,832 trainable
  Step   1000 | loss 1.6194 | acc 0.0002 | 17s
  Step   2000 | loss 1.5549 | acc 0.0004 | 34s
  Step   3000 | loss 0.0146 | acc 0.9680 | 51s
  Step   4000 | loss 0.0033 | acc 0.9980 | 68s
  >>> Converged at step 4000 (0.9980)
  Step   5000 | loss 0.0000 | acc 0.9998 | 85s
  Step   6000 | loss 0.0000 | acc 1.0000 | 102s
  Result: CONVERGED | acc=1.0000 | 102.3s

[6/33] Training freeze_embed seed=2
----------------------------------------
  Froze embed (2 param tensors)
  Params: 202,752 total, 200,832 trainable
  Step   1000 | loss 1.5654 | acc 0.0002 | 17s
  Step   2000 | loss 0.8041 | acc 0.0112 | 34s
  Step   3000 | loss 0.0411 | acc 0.9210 | 51s
  Step   4000 | loss 0.0085 | acc 0.9616 | 68s
  Step   5000 | loss 0.0075 | acc 0.9788 | 85s
  Step   6000 | loss 0.0015 | acc 0.9946 | 102s
  >>> Converged at step 6000 (0.9946)
  Step   7000 | loss 0.0056 | acc 0.9950 | 119s
  Step   8000 | loss 0.0025 | acc 0.9956 | 135s
  Result: CONVERGED | acc=0.9956 | 135.4s

[7/33] Training freeze_layer0.attn seed=0
----------------------------------------
  Froze layer0.attn (6 param tensors)
  Params: 202,752 total, 185,984 trainable
  Step   1000 | loss 1.5639 | acc 0.0002 | 17s
  Step   2000 | loss 1.1687 | acc 0.0010 | 34s
  Step   3000 | loss 0.6562 | acc 0.0462 | 51s
  Step   4000 | loss 0.0265 | acc 0.9356 | 68s
  Step   5000 | loss 0.0279 | acc 0.9740 | 86s
  Step   6000 | loss 0.0041 | acc 0.9536 | 102s
  Step   7000 | loss 0.0070 | acc 0.9644 | 119s
  Step   8000 | loss 0.0191 | acc 0.9082 | 137s
  Step   9000 | loss 0.0031 | acc 0.9984 | 154s
  >>> Converged at step 9000 (0.9984)
  Step  10000 | loss 0.0010 | acc 0.9978 | 171s
  Step  11000 | loss 0.0004 | acc 0.9990 | 188s
  Result: CONVERGED | acc=0.9990 | 187.6s

[8/33] Training freeze_layer0.attn seed=1
----------------------------------------
  Froze layer0.attn (6 param tensors)
  Params: 202,752 total, 185,984 trainable
  Step   1000 | loss 1.4269 | acc 0.0006 | 17s
  Step   2000 | loss 1.2259 | acc 0.0004 | 34s
  Step   3000 | loss 0.4763 | acc 0.0596 | 51s
  Step   4000 | loss 0.4029 | acc 0.1612 | 68s
  Step   5000 | loss 0.0090 | acc 0.9942 | 85s
  >>> Converged at step 5000 (0.9942)
  Step   6000 | loss 0.0016 | acc 0.9946 | 102s
  Step   7000 | loss 0.0088 | acc 0.9580 | 120s
  Result: CONVERGED | acc=0.9946 | 119.5s

[9/33] Training freeze_layer0.attn seed=2
----------------------------------------
  Froze layer0.attn (6 param tensors)
  Params: 202,752 total, 185,984 trainable
  Step   1000 | loss 1.5859 | acc 0.0004 | 17s
  Step   2000 | loss 0.8463 | acc 0.0080 | 34s
  Step   3000 | loss 0.4853 | acc 0.0388 | 51s
  Step   4000 | loss 0.0433 | acc 0.8596 | 69s
  Step   5000 | loss 0.0035 | acc 0.9930 | 86s
  >>> Converged at step 5000 (0.9930)
  Step   6000 | loss 0.0039 | acc 0.9910 | 103s
  Step   7000 | loss 0.0033 | acc 0.9932 | 120s
  Result: CONVERGED | acc=0.9932 | 119.7s

[10/33] Training freeze_layer0.mlp seed=0
----------------------------------------
  Froze layer0.mlp (6 param tensors)
  Params: 202,752 total, 169,536 trainable
  Step   1000 | loss 1.6025 | acc 0.0000 | 17s
  Step   2000 | loss 0.2141 | acc 0.3772 | 34s
  Step   3000 | loss 0.0138 | acc 0.9826 | 51s
  Step   4000 | loss 0.0030 | acc 0.9972 | 68s
  >>> Converged at step 4000 (0.9972)
  Step   5000 | loss 0.0071 | acc 0.9736 | 85s
  Step   6000 | loss 0.0007 | acc 0.9974 | 102s
  Result: CONVERGED | acc=0.9974 | 101.9s

[11/33] Training freeze_layer0.mlp seed=1
----------------------------------------
  Froze layer0.mlp (6 param tensors)
  Params: 202,752 total, 169,536 trainable
  Step   1000 | loss 0.9384 | acc 0.0084 | 17s
  Step   2000 | loss 0.0191 | acc 0.9864 | 34s
  Step   3000 | loss 0.0024 | acc 0.9942 | 51s
  >>> Converged at step 3000 (0.9942)
  Step   4000 | loss 0.0006 | acc 0.9998 | 68s
  Step   5000 | loss 0.0008 | acc 0.9954 | 85s
  Result: CONVERGED | acc=0.9998 | 85.0s

[12/33] Training freeze_layer0.mlp seed=2
----------------------------------------
  Froze layer0.mlp (6 param tensors)
  Params: 202,752 total, 169,536 trainable
  Step   1000 | loss 1.2746 | acc 0.0008 | 17s
  Step   2000 | loss 0.5249 | acc 0.0578 | 34s
  Step   3000 | loss 0.0389 | acc 0.9590 | 51s
  Step   4000 | loss 0.0038 | acc 0.9534 | 68s
  Step   5000 | loss 0.0047 | acc 0.9960 | 85s
  >>> Converged at step 5000 (0.9960)
  Step   6000 | loss 0.0030 | acc 0.9968 | 101s
  Step   7000 | loss 0.0104 | acc 0.9936 | 118s
  Result: CONVERGED | acc=0.9968 | 118.2s

[13/33] Training freeze_layer1.attn seed=0
----------------------------------------
  Froze layer1.attn (6 param tensors)
  Params: 202,752 total, 185,984 trainable
  Step   1000 | loss 0.5371 | acc 0.0632 | 17s
  Step   2000 | loss 0.0648 | acc 0.9110 | 34s
  Step   3000 | loss 0.0198 | acc 0.9772 | 51s
  Step   4000 | loss 0.0044 | acc 0.9910 | 68s
  >>> Converged at step 4000 (0.9910)
  Step   5000 | loss 0.0023 | acc 0.9976 | 85s
  Step   6000 | loss 0.0028 | acc 0.9830 | 101s
  Result: CONVERGED | acc=0.9976 | 101.5s

[14/33] Training freeze_layer1.attn seed=1
----------------------------------------
  Froze layer1.attn (6 param tensors)
  Params: 202,752 total, 185,984 trainable
  Step   1000 | loss 1.0028 | acc 0.0038 | 17s
  Step   2000 | loss 0.0597 | acc 0.8976 | 34s
  Step   3000 | loss 0.0412 | acc 0.9662 | 51s
  Step   4000 | loss 0.0039 | acc 0.9914 | 68s
  >>> Converged at step 4000 (0.9914)
  Step   5000 | loss 0.0025 | acc 0.9954 | 85s
  Step   6000 | loss 0.0014 | acc 0.9988 | 102s
  Result: CONVERGED | acc=0.9988 | 101.6s

[15/33] Training freeze_layer1.attn seed=2
----------------------------------------
  Froze layer1.attn (6 param tensors)
  Params: 202,752 total, 185,984 trainable
  Step   1000 | loss 0.8579 | acc 0.0070 | 17s
  Step   2000 | loss 0.0477 | acc 0.8756 | 34s
  Step   3000 | loss 0.0197 | acc 0.9492 | 51s
  Step   4000 | loss 0.0186 | acc 0.9820 | 68s
  Step   5000 | loss 0.0055 | acc 0.9896 | 85s
  Step   6000 | loss 0.0040 | acc 0.9860 | 102s
  Step   7000 | loss 0.0012 | acc 0.9950 | 119s
  >>> Converged at step 7000 (0.9950)
  Step   8000 | loss 0.0019 | acc 0.9986 | 136s
  Step   9000 | loss 0.0044 | acc 0.9980 | 152s
  Result: CONVERGED | acc=0.9986 | 152.4s

[16/33] Training freeze_layer1.mlp seed=0
----------------------------------------
  Froze layer1.mlp (6 param tensors)
  Params: 202,752 total, 169,536 trainable
  Step   1000 | loss 1.5396 | acc 0.0004 | 17s
  Step   2000 | loss 0.0585 | acc 0.8620 | 34s
  Step   3000 | loss 0.0264 | acc 0.9646 | 50s
  Step   4000 | loss 0.0170 | acc 0.9704 | 67s
  Step   5000 | loss 0.0049 | acc 0.9964 | 84s
  >>> Converged at step 5000 (0.9964)
  Step   6000 | loss 0.0180 | acc 0.9948 | 101s
  Step   7000 | loss 0.0000 | acc 1.0000 | 118s
  Result: CONVERGED | acc=1.0000 | 118.0s

[17/33] Training freeze_layer1.mlp seed=1
----------------------------------------
  Froze layer1.mlp (6 param tensors)
  Params: 202,752 total, 169,536 trainable
  Step   1000 | loss 1.5783 | acc 0.0000 | 17s
  Step   2000 | loss 0.0549 | acc 0.8972 | 34s
  Step   3000 | loss 0.0101 | acc 0.9886 | 51s
  Step   4000 | loss 0.0035 | acc 0.9964 | 68s
  >>> Converged at step 4000 (0.9964)
  Step   5000 | loss 0.0010 | acc 0.9960 | 85s
  Step   6000 | loss 0.0135 | acc 0.9980 | 102s
  Result: CONVERGED | acc=0.9980 | 101.6s

[18/33] Training freeze_layer1.mlp seed=2
----------------------------------------
  Froze layer1.mlp (6 param tensors)
  Params: 202,752 total, 169,536 trainable
  Step   1000 | loss 1.0033 | acc 0.0068 | 17s
  Step   2000 | loss 0.0453 | acc 0.8670 | 34s
  Step   3000 | loss 0.0425 | acc 0.9140 | 50s
  Step   4000 | loss 0.0032 | acc 0.9974 | 67s
  >>> Converged at step 4000 (0.9974)
  Step   5000 | loss 0.0061 | acc 0.9830 | 84s
  Step   6000 | loss 0.0021 | acc 0.9970 | 101s
  Result: CONVERGED | acc=0.9974 | 101.1s

[19/33] Training freeze_layer2.attn seed=0
----------------------------------------
  Froze layer2.attn (6 param tensors)
  Params: 202,752 total, 185,984 trainable
  Step   1000 | loss 0.3623 | acc 0.3188 | 17s
  Step   2000 | loss 0.0440 | acc 0.8984 | 34s
  Step   3000 | loss 0.0206 | acc 0.9608 | 51s
  Step   4000 | loss 0.0082 | acc 0.9908 | 67s
  >>> Converged at step 4000 (0.9908)
  Step   5000 | loss 0.0047 | acc 0.9912 | 84s
  Step   6000 | loss 0.0022 | acc 0.9992 | 101s
  Result: CONVERGED | acc=0.9992 | 101.3s

[20/33] Training freeze_layer2.attn seed=1
----------------------------------------
  Froze layer2.attn (6 param tensors)
  Params: 202,752 total, 185,984 trainable
  Step   1000 | loss 1.2536 | acc 0.0006 | 17s
  Step   2000 | loss 0.0851 | acc 0.8460 | 34s
  Step   3000 | loss 0.0383 | acc 0.9370 | 51s
  Step   4000 | loss 0.0052 | acc 0.9974 | 68s
  >>> Converged at step 4000 (0.9974)
  Step   5000 | loss 0.0000 | acc 1.0000 | 85s
  Step   6000 | loss 0.0000 | acc 1.0000 | 102s
  Result: CONVERGED | acc=1.0000 | 101.7s

[21/33] Training freeze_layer2.attn seed=2
----------------------------------------
  Froze layer2.attn (6 param tensors)
  Params: 202,752 total, 185,984 trainable
  Step   1000 | loss 0.8357 | acc 0.0106 | 17s
  Step   2000 | loss 0.0671 | acc 0.8594 | 34s
  Step   3000 | loss 0.0538 | acc 0.8544 | 51s
  Step   4000 | loss 0.0161 | acc 0.9522 | 68s
  Step   5000 | loss 0.0194 | acc 0.9786 | 85s
  Step   6000 | loss 0.0031 | acc 0.9916 | 102s
  >>> Converged at step 6000 (0.9916)
  Step   7000 | loss 0.0003 | acc 0.9932 | 119s
  Step   8000 | loss 0.0026 | acc 0.9954 | 136s
  Result: CONVERGED | acc=0.9954 | 135.5s

[22/33] Training freeze_layer2.mlp seed=0
----------------------------------------
  Froze layer2.mlp (6 param tensors)
  Params: 202,752 total, 169,536 trainable
  Step   1000 | loss 0.9059 | acc 0.0090 | 17s
  Step   2000 | loss 0.0269 | acc 0.9284 | 34s
  Step   3000 | loss 0.0078 | acc 0.9658 | 51s
  Step   4000 | loss 0.0044 | acc 0.9976 | 67s
  >>> Converged at step 4000 (0.9976)
  Step   5000 | loss 0.0032 | acc 0.9986 | 84s
  Step   6000 | loss 0.0017 | acc 0.9990 | 101s
  Result: CONVERGED | acc=0.9990 | 101.4s

[23/33] Training freeze_layer2.mlp seed=1
----------------------------------------
  Froze layer2.mlp (6 param tensors)
  Params: 202,752 total, 169,536 trainable
  Step   1000 | loss 1.4803 | acc 0.0006 | 17s
  Step   2000 | loss 0.0162 | acc 0.9798 | 34s
  Step   3000 | loss 0.0074 | acc 0.9962 | 51s
  >>> Converged at step 3000 (0.9962)
  Step   4000 | loss 0.0000 | acc 1.0000 | 68s
  Step   5000 | loss 0.0000 | acc 1.0000 | 84s
  Result: CONVERGED | acc=1.0000 | 84.5s

[24/33] Training freeze_layer2.mlp seed=2
----------------------------------------
  Froze layer2.mlp (6 param tensors)
  Params: 202,752 total, 169,536 trainable
  Step   1000 | loss 0.8463 | acc 0.0068 | 17s
  Step   2000 | loss 0.0485 | acc 0.8186 | 34s
  Step   3000 | loss 0.0063 | acc 0.9864 | 51s
  Step   4000 | loss 0.0033 | acc 0.9922 | 68s
  >>> Converged at step 4000 (0.9922)
  Step   5000 | loss 0.0008 | acc 0.9962 | 84s
  Step   6000 | loss 0.0009 | acc 0.9990 | 101s
  Result: CONVERGED | acc=0.9990 | 101.3s

[25/33] Training freeze_layer3.attn seed=0
----------------------------------------
  Froze layer3.attn (6 param tensors)
  Params: 202,752 total, 185,984 trainable
  Step   1000 | loss 0.5039 | acc 0.1096 | 17s
  Step   2000 | loss 0.0188 | acc 0.9682 | 34s
  Step   3000 | loss 0.0113 | acc 0.9696 | 51s
  Step   4000 | loss 0.0164 | acc 0.9678 | 68s
  Step   5000 | loss 0.0109 | acc 0.9672 | 85s
  Step   6000 | loss 0.0041 | acc 0.9926 | 102s
  >>> Converged at step 6000 (0.9926)
  Step   7000 | loss 0.0031 | acc 0.9980 | 119s
  Step   8000 | loss 0.0000 | acc 0.9964 | 136s
  Result: CONVERGED | acc=0.9980 | 135.6s

[26/33] Training freeze_layer3.attn seed=1
----------------------------------------
  Froze layer3.attn (6 param tensors)
  Params: 202,752 total, 185,984 trainable
  Step   1000 | loss 1.3217 | acc 0.0006 | 17s
  Step   2000 | loss 0.0668 | acc 0.9522 | 34s
  Step   3000 | loss 0.0011 | acc 0.9952 | 51s
  >>> Converged at step 3000 (0.9952)
  Step   4000 | loss 0.0000 | acc 1.0000 | 68s
  Step   5000 | loss 0.0000 | acc 1.0000 | 85s
  Result: CONVERGED | acc=1.0000 | 84.6s

[27/33] Training freeze_layer3.attn seed=2
----------------------------------------
  Froze layer3.attn (6 param tensors)
  Params: 202,752 total, 185,984 trainable
  Step   1000 | loss 0.8421 | acc 0.0092 | 17s
  Step   2000 | loss 0.1098 | acc 0.8104 | 34s
  Step   3000 | loss 0.0647 | acc 0.8570 | 51s
  Step   4000 | loss 0.0402 | acc 0.9574 | 68s
  Step   5000 | loss 0.0443 | acc 0.8708 | 85s
  Step   6000 | loss 0.0238 | acc 0.9426 | 102s
  Step   7000 | loss 0.0175 | acc 0.8910 | 118s
  Step   8000 | loss 0.0594 | acc 0.9150 | 135s
  Step   9000 | loss 0.0059 | acc 0.9984 | 152s
  >>> Converged at step 9000 (0.9984)
  Step  10000 | loss 0.0000 | acc 1.0000 | 169s
  Step  11000 | loss 0.0000 | acc 1.0000 | 186s
  Result: CONVERGED | acc=1.0000 | 186.3s

[28/33] Training freeze_layer3.mlp seed=0
----------------------------------------
  Froze layer3.mlp (6 param tensors)
  Params: 202,752 total, 169,536 trainable
  Step   1000 | loss 0.8790 | acc 0.0140 | 17s
  Step   2000 | loss 0.0823 | acc 0.8604 | 34s
  Step   3000 | loss 0.0120 | acc 0.9758 | 51s
  Step   4000 | loss 0.0094 | acc 0.9756 | 68s
  Step   5000 | loss 0.0032 | acc 0.9968 | 84s
  >>> Converged at step 5000 (0.9968)
  Step   6000 | loss 0.0307 | acc 0.9988 | 101s
  Step   7000 | loss 0.0044 | acc 0.9898 | 118s
  Result: CONVERGED | acc=0.9988 | 118.1s

[29/33] Training freeze_layer3.mlp seed=1
----------------------------------------
  Froze layer3.mlp (6 param tensors)
  Params: 202,752 total, 169,536 trainable
  Step   1000 | loss 0.2767 | acc 0.4438 | 17s
  Step   2000 | loss 0.0218 | acc 0.9176 | 34s
  Step   3000 | loss 0.0271 | acc 0.9254 | 51s
  Step   4000 | loss 0.0051 | acc 0.9934 | 68s
  >>> Converged at step 4000 (0.9934)
  Step   5000 | loss 0.0002 | acc 0.9992 | 84s
  Step   6000 | loss 0.0001 | acc 1.0000 | 101s
  Result: CONVERGED | acc=1.0000 | 101.3s

[30/33] Training freeze_layer3.mlp seed=2
----------------------------------------
  Froze layer3.mlp (6 param tensors)
  Params: 202,752 total, 169,536 trainable
  Step   1000 | loss 1.3248 | acc 0.0008 | 17s
  Step   2000 | loss 0.5149 | acc 0.0620 | 34s
  Step   3000 | loss 0.0082 | acc 0.9896 | 51s
  Step   4000 | loss 0.0217 | acc 0.9920 | 68s
  >>> Converged at step 4000 (0.9920)
  Step   5000 | loss 0.0001 | acc 1.0000 | 85s
  Step   6000 | loss 0.0001 | acc 0.9998 | 102s
  Result: CONVERGED | acc=1.0000 | 101.6s

[31/33] Training freeze_unembed seed=0
----------------------------------------
  Froze unembed (3 param tensors)
  Params: 202,752 total, 201,856 trainable
  Step   1000 | loss 1.8501 | acc 0.0038 | 17s
  Step   2000 | loss 1.3273 | acc 0.9054 | 34s
  Step   3000 | loss 1.3399 | acc 0.9190 | 51s
  Step   4000 | loss 1.3479 | acc 0.9368 | 68s
  Step   5000 | loss 1.3118 | acc 1.0000 | 85s
  >>> Converged at step 5000 (1.0000)
  Step   6000 | loss 1.3113 | acc 1.0000 | 102s
  Step   7000 | loss 1.3132 | acc 1.0000 | 119s
  Result: CONVERGED | acc=1.0000 | 118.9s

[32/33] Training freeze_unembed seed=1
----------------------------------------
  Froze unembed (3 param tensors)
  Params: 202,752 total, 201,856 trainable
  Step   1000 | loss 1.6264 | acc 0.0540 | 17s
  Step   2000 | loss 1.3529 | acc 0.9764 | 34s
  Step   3000 | loss 1.3361 | acc 0.9846 | 51s
  Step   4000 | loss 1.3430 | acc 0.9964 | 68s
  >>> Converged at step 4000 (0.9964)
  Step   5000 | loss 1.3346 | acc 0.9618 | 85s
  Step   6000 | loss 1.3342 | acc 0.9720 | 102s
  Result: CONVERGED | acc=0.9964 | 102.3s

[33/33] Training freeze_unembed seed=2
----------------------------------------
  Froze unembed (3 param tensors)
  Params: 202,752 total, 201,856 trainable
  Step   1000 | loss 1.7557 | acc 0.0076 | 17s
  Step   2000 | loss 1.4036 | acc 0.8320 | 34s
  Step   3000 | loss 1.3955 | acc 0.8820 | 51s
  Step   4000 | loss 1.3870 | acc 0.9860 | 68s
  Step   5000 | loss 1.3814 | acc 0.9880 | 85s
  Step   6000 | loss 1.3780 | acc 0.9676 | 102s
  Step   7000 | loss 1.3771 | acc 1.0000 | 119s
  >>> Converged at step 7000 (1.0000)
  Step   8000 | loss 1.3751 | acc 0.9696 | 136s
  Step   9000 | loss 1.3760 | acc 1.0000 | 153s
  Result: CONVERGED | acc=1.0000 | 153.1s

============================================================
Zoo training complete in 3979s (66.3 min)

============================================================
MODEL ZOO SUMMARY
============================================================

Converged (33):
  baseline seed=0: acc=0.9960 at step 4000 (103s)
  baseline seed=1: acc=1.0000 at step 4000 (105s)
  baseline seed=2: acc=1.0000 at step 12000 (243s)
  freeze_embed seed=0: acc=0.9950 at step 7000 (152s)
  freeze_embed seed=1: acc=1.0000 at step 4000 (102s)
  freeze_embed seed=2: acc=0.9956 at step 6000 (135s)
  freeze_layer0.attn seed=0: acc=0.9990 at step 9000 (188s)
  freeze_layer0.attn seed=1: acc=0.9946 at step 5000 (120s)
  freeze_layer0.attn seed=2: acc=0.9932 at step 5000 (120s)
  freeze_layer0.mlp seed=0: acc=0.9974 at step 4000 (102s)
  freeze_layer0.mlp seed=1: acc=0.9998 at step 3000 (85s)
  freeze_layer0.mlp seed=2: acc=0.9968 at step 5000 (118s)
  freeze_layer1.attn seed=0: acc=0.9976 at step 4000 (101s)
  freeze_layer1.attn seed=1: acc=0.9988 at step 4000 (102s)
  freeze_layer1.attn seed=2: acc=0.9986 at step 7000 (152s)
  freeze_layer1.mlp seed=0: acc=1.0000 at step 5000 (118s)
  freeze_layer1.mlp seed=1: acc=0.9980 at step 4000 (102s)
  freeze_layer1.mlp seed=2: acc=0.9974 at step 4000 (101s)
  freeze_layer2.attn seed=0: acc=0.9992 at step 4000 (101s)
  freeze_layer2.attn seed=1: acc=1.0000 at step 4000 (102s)
  freeze_layer2.attn seed=2: acc=0.9954 at step 6000 (136s)
  freeze_layer2.mlp seed=0: acc=0.9990 at step 4000 (101s)
  freeze_layer2.mlp seed=1: acc=1.0000 at step 3000 (84s)
  freeze_layer2.mlp seed=2: acc=0.9990 at step 4000 (101s)
  freeze_layer3.attn seed=0: acc=0.9980 at step 6000 (136s)
  freeze_layer3.attn seed=1: acc=1.0000 at step 3000 (85s)
  freeze_layer3.attn seed=2: acc=1.0000 at step 9000 (186s)
  freeze_layer3.mlp seed=0: acc=0.9988 at step 5000 (118s)
  freeze_layer3.mlp seed=1: acc=1.0000 at step 4000 (101s)
  freeze_layer3.mlp seed=2: acc=1.0000 at step 4000 (102s)
  freeze_unembed seed=0: acc=1.0000 at step 5000 (119s)
  freeze_unembed seed=1: acc=0.9964 at step 4000 (102s)
  freeze_unembed seed=2: acc=1.0000 at step 7000 (153s)

Decision gate: 10 distinct freeze configs converged
  >>> PASS: Sufficient diversity to proceed to Step 2
